{"D:\\Kuliah\\Semester 4\\Scalable\\coding2\\quizify-app\\quizify-quiz-service\\index.js": {"path":"D:\\Kuliah\\Semester 4\\Scalable\\coding2\\quizify-app\\quizify-quiz-service\\index.js","statementMap":{"0":{"start":{"line":1,"column":16},"end":{"line":1,"column":34}},"1":{"start":{"line":2,"column":17},"end":{"line":2,"column":36}},"2":{"start":{"line":3,"column":19},"end":{"line":3,"column":47}},"3":{"start":{"line":4,"column":15},"end":{"line":4,"column":45}},"4":{"start":{"line":5,"column":19},"end":{"line":5,"column":47}},"5":{"start":{"line":6,"column":13},"end":{"line":6,"column":28}},"6":{"start":{"line":7,"column":12},"end":{"line":7,"column":21}},"7":{"start":{"line":9,"column":0},"end":{"line":9,"column":16}},"8":{"start":{"line":11,"column":0},"end":{"line":11,"column":24}},"9":{"start":{"line":12,"column":0},"end":{"line":12,"column":33}},"10":{"start":{"line":13,"column":0},"end":{"line":13,"column":33}},"11":{"start":{"line":15,"column":0},"end":{"line":20,"column":3}},"12":{"start":{"line":16,"column":2},"end":{"line":16,"column":35}},"13":{"start":{"line":18,"column":2},"end":{"line":18,"column":29}},"14":{"start":{"line":19,"column":2},"end":{"line":19,"column":18}},"15":{"start":{"line":22,"column":13},"end":{"line":22,"column":37}},"16":{"start":{"line":23,"column":0},"end":{"line":23,"column":76}},"17":{"start":{"line":23,"column":23},"end":{"line":23,"column":74}},"18":{"start":{"line":25,"column":0},"end":{"line":25,"column":21}}},"fnMap":{"0":{"name":"(anonymous_0)","decl":{"start":{"line":15,"column":39},"end":{"line":15,"column":40}},"loc":{"start":{"line":15,"column":45},"end":{"line":17,"column":1}},"line":15},"1":{"name":"(anonymous_1)","decl":{"start":{"line":17,"column":9},"end":{"line":17,"column":10}},"loc":{"start":{"line":17,"column":16},"end":{"line":20,"column":1}},"line":17},"2":{"name":"(anonymous_2)","decl":{"start":{"line":23,"column":17},"end":{"line":23,"column":18}},"loc":{"start":{"line":23,"column":23},"end":{"line":23,"column":74}},"line":23}},"branchMap":{"0":{"loc":{"start":{"line":22,"column":13},"end":{"line":22,"column":37}},"type":"binary-expr","locations":[{"start":{"line":22,"column":13},"end":{"line":22,"column":29}},{"start":{"line":22,"column":33},"end":{"line":22,"column":37}}],"line":22}},"s":{"0":1,"1":1,"2":1,"3":1,"4":1,"5":1,"6":1,"7":1,"8":1,"9":1,"10":1,"11":1,"12":1,"13":0,"14":0,"15":1,"16":1,"17":1,"18":1},"f":{"0":1,"1":0,"2":1},"b":{"0":[1,1]},"_coverageSchema":"1a1c01bbd47fc00a2c39e90264f33305004495a9","hash":"e58770df440fc9f00821458e846bd77c64be27b3"}
,"D:\\Kuliah\\Semester 4\\Scalable\\coding2\\quizify-app\\quizify-quiz-service\\app\\config\\config.js": {"path":"D:\\Kuliah\\Semester 4\\Scalable\\coding2\\quizify-app\\quizify-quiz-service\\app\\config\\config.js","statementMap":{"0":{"start":{"line":2,"column":0},"end":{"line":2,"column":27}},"1":{"start":{"line":4,"column":0},"end":{"line":7,"column":2}}},"fnMap":{},"branchMap":{},"s":{"0":1,"1":1},"f":{},"b":{},"_coverageSchema":"1a1c01bbd47fc00a2c39e90264f33305004495a9","hash":"5e19c492f91886d21bbee053b000a2465ac11ff2"}
,"D:\\Kuliah\\Semester 4\\Scalable\\coding2\\quizify-app\\quizify-quiz-service\\app\\middleware\\auth.js": {"path":"D:\\Kuliah\\Semester 4\\Scalable\\coding2\\quizify-app\\quizify-quiz-service\\app\\middleware\\auth.js","statementMap":{"0":{"start":{"line":2,"column":12},"end":{"line":2,"column":35}},"1":{"start":{"line":3,"column":15},"end":{"line":3,"column":42}},"2":{"start":{"line":5,"column":0},"end":{"line":25,"column":2}},"3":{"start":{"line":6,"column":21},"end":{"line":6,"column":48}},"4":{"start":{"line":8,"column":2},"end":{"line":10,"column":3}},"5":{"start":{"line":9,"column":4},"end":{"line":9,"column":75}},"6":{"start":{"line":12,"column":16},"end":{"line":12,"column":40}},"7":{"start":{"line":14,"column":2},"end":{"line":16,"column":3}},"8":{"start":{"line":15,"column":4},"end":{"line":15,"column":74}},"9":{"start":{"line":18,"column":2},"end":{"line":24,"column":3}},"10":{"start":{"line":19,"column":20},"end":{"line":19,"column":55}},"11":{"start":{"line":20,"column":4},"end":{"line":20,"column":28}},"12":{"start":{"line":21,"column":4},"end":{"line":21,"column":11}},"13":{"start":{"line":23,"column":4},"end":{"line":23,"column":56}}},"fnMap":{"0":{"name":"(anonymous_0)","decl":{"start":{"line":5,"column":17},"end":{"line":5,"column":18}},"loc":{"start":{"line":5,"column":42},"end":{"line":25,"column":1}},"line":5}},"branchMap":{"0":{"loc":{"start":{"line":8,"column":2},"end":{"line":10,"column":3}},"type":"if","locations":[{"start":{"line":8,"column":2},"end":{"line":10,"column":3}},{"start":{},"end":{}}],"line":8},"1":{"loc":{"start":{"line":14,"column":2},"end":{"line":16,"column":3}},"type":"if","locations":[{"start":{"line":14,"column":2},"end":{"line":16,"column":3}},{"start":{},"end":{}}],"line":14}},"s":{"0":1,"1":1,"2":1,"3":1,"4":1,"5":0,"6":1,"7":1,"8":0,"9":1,"10":1,"11":1,"12":1,"13":0},"f":{"0":1},"b":{"0":[0,1],"1":[0,1]},"_coverageSchema":"1a1c01bbd47fc00a2c39e90264f33305004495a9","hash":"c9f1ea513ecb22937f962f3f84055b7685c73e35"}
,"D:\\Kuliah\\Semester 4\\Scalable\\coding2\\quizify-app\\quizify-quiz-service\\app\\models\\Answer.js": {"path":"D:\\Kuliah\\Semester 4\\Scalable\\coding2\\quizify-app\\quizify-quiz-service\\app\\models\\Answer.js","statementMap":{"0":{"start":{"line":1,"column":17},"end":{"line":1,"column":36}},"1":{"start":{"line":2,"column":15},"end":{"line":2,"column":30}},"2":{"start":{"line":4,"column":21},"end":{"line":32,"column":2}},"3":{"start":{"line":34,"column":0},"end":{"line":34,"column":56}}},"fnMap":{},"branchMap":{},"s":{"0":1,"1":1,"2":1,"3":1},"f":{},"b":{},"_coverageSchema":"1a1c01bbd47fc00a2c39e90264f33305004495a9","hash":"d1322a6049e73f95368a0769145afe80548c4a21"}
,"D:\\Kuliah\\Semester 4\\Scalable\\coding2\\quizify-app\\quizify-quiz-service\\app\\models\\Join.js": {"path":"D:\\Kuliah\\Semester 4\\Scalable\\coding2\\quizify-app\\quizify-quiz-service\\app\\models\\Join.js","statementMap":{"0":{"start":{"line":1,"column":17},"end":{"line":1,"column":36}},"1":{"start":{"line":3,"column":19},"end":{"line":32,"column":2}},"2":{"start":{"line":34,"column":0},"end":{"line":34,"column":52}}},"fnMap":{},"branchMap":{},"s":{"0":1,"1":1,"2":1},"f":{},"b":{},"_coverageSchema":"1a1c01bbd47fc00a2c39e90264f33305004495a9","hash":"96249e3ef4e4a18d8f2dab9e98397c94c5fdee3a"}
,"D:\\Kuliah\\Semester 4\\Scalable\\coding2\\quizify-app\\quizify-quiz-service\\app\\models\\Question.js": {"path":"D:\\Kuliah\\Semester 4\\Scalable\\coding2\\quizify-app\\quizify-quiz-service\\app\\models\\Question.js","statementMap":{"0":{"start":{"line":2,"column":17},"end":{"line":2,"column":36}},"1":{"start":{"line":3,"column":15},"end":{"line":3,"column":30}},"2":{"start":{"line":5,"column":21},"end":{"line":14,"column":2}},"3":{"start":{"line":16,"column":23},"end":{"line":30,"column":2}},"4":{"start":{"line":32,"column":0},"end":{"line":32,"column":60}}},"fnMap":{},"branchMap":{},"s":{"0":1,"1":1,"2":1,"3":1,"4":1},"f":{},"b":{},"_coverageSchema":"1a1c01bbd47fc00a2c39e90264f33305004495a9","hash":"5f524e39433d6e162a698b93120ebf5ee4cdf012"}
,"D:\\Kuliah\\Semester 4\\Scalable\\coding2\\quizify-app\\quizify-quiz-service\\app\\models\\Quiz.js": {"path":"D:\\Kuliah\\Semester 4\\Scalable\\coding2\\quizify-app\\quizify-quiz-service\\app\\models\\Quiz.js","statementMap":{"0":{"start":{"line":1,"column":17},"end":{"line":1,"column":36}},"1":{"start":{"line":3,"column":19},"end":{"line":32,"column":2}},"2":{"start":{"line":35,"column":0},"end":{"line":40,"column":3}},"3":{"start":{"line":36,"column":2},"end":{"line":38,"column":3}},"4":{"start":{"line":37,"column":4},"end":{"line":37,"column":71}},"5":{"start":{"line":39,"column":2},"end":{"line":39,"column":9}},"6":{"start":{"line":42,"column":0},"end":{"line":42,"column":52}}},"fnMap":{"0":{"name":"(anonymous_0)","decl":{"start":{"line":35,"column":23},"end":{"line":35,"column":24}},"loc":{"start":{"line":35,"column":38},"end":{"line":40,"column":1}},"line":35}},"branchMap":{"0":{"loc":{"start":{"line":36,"column":2},"end":{"line":38,"column":3}},"type":"if","locations":[{"start":{"line":36,"column":2},"end":{"line":38,"column":3}},{"start":{},"end":{}}],"line":36}},"s":{"0":1,"1":1,"2":1,"3":1,"4":1,"5":1,"6":1},"f":{"0":1},"b":{"0":[1,0]},"_coverageSchema":"1a1c01bbd47fc00a2c39e90264f33305004495a9","hash":"58bd87739c38834e2c43bfc5cf74251949dc98bb"}
,"D:\\Kuliah\\Semester 4\\Scalable\\coding2\\quizify-app\\quizify-quiz-service\\app\\routes\\join.js": {"path":"D:\\Kuliah\\Semester 4\\Scalable\\coding2\\quizify-app\\quizify-quiz-service\\app\\routes\\join.js","statementMap":{"0":{"start":{"line":2,"column":16},"end":{"line":2,"column":34}},"1":{"start":{"line":3,"column":15},"end":{"line":3,"column":31}},"2":{"start":{"line":4,"column":36},"end":{"line":4,"column":64}},"3":{"start":{"line":5,"column":13},"end":{"line":5,"column":42}},"4":{"start":{"line":6,"column":13},"end":{"line":6,"column":38}},"5":{"start":{"line":7,"column":13},"end":{"line":7,"column":38}},"6":{"start":{"line":10,"column":0},"end":{"line":44,"column":2}},"7":{"start":{"line":22,"column":19},"end":{"line":22,"column":40}},"8":{"start":{"line":23,"column":4},"end":{"line":25,"column":5}},"9":{"start":{"line":24,"column":6},"end":{"line":24,"column":62}},"10":{"start":{"line":27,"column":30},"end":{"line":27,"column":38}},"11":{"start":{"line":29,"column":4},"end":{"line":42,"column":5}},"12":{"start":{"line":31,"column":22},"end":{"line":35,"column":8}},"13":{"start":{"line":37,"column":6},"end":{"line":37,"column":27}},"14":{"start":{"line":38,"column":6},"end":{"line":38,"column":24}},"15":{"start":{"line":40,"column":6},"end":{"line":40,"column":33}},"16":{"start":{"line":41,"column":6},"end":{"line":41,"column":43}},"17":{"start":{"line":46,"column":0},"end":{"line":46,"column":24}}},"fnMap":{"0":{"name":"(anonymous_0)","decl":{"start":{"line":21,"column":2},"end":{"line":21,"column":3}},"loc":{"start":{"line":21,"column":22},"end":{"line":43,"column":3}},"line":21}},"branchMap":{"0":{"loc":{"start":{"line":23,"column":4},"end":{"line":25,"column":5}},"type":"if","locations":[{"start":{"line":23,"column":4},"end":{"line":25,"column":5}},{"start":{},"end":{}}],"line":23}},"s":{"0":1,"1":1,"2":1,"3":1,"4":1,"5":1,"6":1,"7":0,"8":0,"9":0,"10":0,"11":0,"12":0,"13":0,"14":0,"15":0,"16":0,"17":1},"f":{"0":0},"b":{"0":[0,0]},"_coverageSchema":"1a1c01bbd47fc00a2c39e90264f33305004495a9","hash":"5562383be51da5f5a7ea476536badfa8b9e1ac44"}
,"D:\\Kuliah\\Semester 4\\Scalable\\coding2\\quizify-app\\quizify-quiz-service\\app\\routes\\quiz.js": {"path":"D:\\Kuliah\\Semester 4\\Scalable\\coding2\\quizify-app\\quizify-quiz-service\\app\\routes\\quiz.js","statementMap":{"0":{"start":{"line":1,"column":16},"end":{"line":1,"column":34}},"1":{"start":{"line":2,"column":17},"end":{"line":2,"column":36}},"2":{"start":{"line":3,"column":13},"end":{"line":3,"column":38}},"3":{"start":{"line":4,"column":17},"end":{"line":4,"column":46}},"4":{"start":{"line":5,"column":15},"end":{"line":5,"column":42}},"5":{"start":{"line":6,"column":13},"end":{"line":6,"column":42}},"6":{"start":{"line":8,"column":15},"end":{"line":8,"column":31}},"7":{"start":{"line":11,"column":0},"end":{"line":24,"column":3}},"8":{"start":{"line":12,"column":40},"end":{"line":12,"column":48}},"9":{"start":{"line":13,"column":17},"end":{"line":13,"column":28}},"10":{"start":{"line":15,"column":2},"end":{"line":23,"column":3}},"11":{"start":{"line":16,"column":17},"end":{"line":16,"column":70}},"12":{"start":{"line":17,"column":4},"end":{"line":17,"column":22}},"13":{"start":{"line":19,"column":4},"end":{"line":19,"column":31}},"14":{"start":{"line":21,"column":4},"end":{"line":21,"column":31}},"15":{"start":{"line":22,"column":4},"end":{"line":22,"column":41}},"16":{"start":{"line":27,"column":0},"end":{"line":48,"column":3}},"17":{"start":{"line":28,"column":2},"end":{"line":47,"column":3}},"18":{"start":{"line":29,"column":32},"end":{"line":29,"column":40}},"19":{"start":{"line":30,"column":21},"end":{"line":30,"column":38}},"20":{"start":{"line":32,"column":6},"end":{"line":34,"column":7}},"21":{"start":{"line":33,"column":10},"end":{"line":33,"column":84}},"22":{"start":{"line":36,"column":23},"end":{"line":40,"column":8}},"23":{"start":{"line":42,"column":6},"end":{"line":42,"column":28}},"24":{"start":{"line":43,"column":6},"end":{"line":43,"column":25}},"25":{"start":{"line":45,"column":6},"end":{"line":45,"column":33}},"26":{"start":{"line":46,"column":6},"end":{"line":46,"column":43}},"27":{"start":{"line":51,"column":0},"end":{"line":60,"column":3}},"28":{"start":{"line":52,"column":17},"end":{"line":52,"column":28}},"29":{"start":{"line":53,"column":2},"end":{"line":59,"column":3}},"30":{"start":{"line":54,"column":20},"end":{"line":54,"column":53}},"31":{"start":{"line":55,"column":4},"end":{"line":55,"column":22}},"32":{"start":{"line":57,"column":4},"end":{"line":57,"column":31}},"33":{"start":{"line":58,"column":4},"end":{"line":58,"column":41}},"34":{"start":{"line":63,"column":0},"end":{"line":71,"column":3}},"35":{"start":{"line":64,"column":2},"end":{"line":70,"column":3}},"36":{"start":{"line":65,"column":20},"end":{"line":65,"column":37}},"37":{"start":{"line":66,"column":4},"end":{"line":66,"column":22}},"38":{"start":{"line":68,"column":4},"end":{"line":68,"column":31}},"39":{"start":{"line":69,"column":4},"end":{"line":69,"column":41}},"40":{"start":{"line":74,"column":0},"end":{"line":85,"column":3}},"41":{"start":{"line":75,"column":2},"end":{"line":84,"column":3}},"42":{"start":{"line":76,"column":19},"end":{"line":76,"column":64}},"43":{"start":{"line":77,"column":6},"end":{"line":79,"column":7}},"44":{"start":{"line":78,"column":10},"end":{"line":78,"column":65}},"45":{"start":{"line":80,"column":6},"end":{"line":80,"column":21}},"46":{"start":{"line":82,"column":6},"end":{"line":82,"column":33}},"47":{"start":{"line":83,"column":6},"end":{"line":83,"column":43}},"48":{"start":{"line":88,"column":0},"end":{"line":99,"column":3}},"49":{"start":{"line":89,"column":2},"end":{"line":98,"column":3}},"50":{"start":{"line":90,"column":17},"end":{"line":90,"column":51}},"51":{"start":{"line":91,"column":4},"end":{"line":93,"column":5}},"52":{"start":{"line":92,"column":6},"end":{"line":92,"column":61}},"53":{"start":{"line":94,"column":4},"end":{"line":94,"column":19}},"54":{"start":{"line":96,"column":4},"end":{"line":96,"column":31}},"55":{"start":{"line":97,"column":4},"end":{"line":97,"column":41}},"56":{"start":{"line":103,"column":0},"end":{"line":111,"column":3}},"57":{"start":{"line":104,"column":2},"end":{"line":110,"column":3}},"58":{"start":{"line":105,"column":22},"end":{"line":105,"column":72}},"59":{"start":{"line":106,"column":4},"end":{"line":106,"column":24}},"60":{"start":{"line":108,"column":4},"end":{"line":108,"column":31}},"61":{"start":{"line":109,"column":4},"end":{"line":109,"column":41}},"62":{"start":{"line":114,"column":0},"end":{"line":132,"column":3}},"63":{"start":{"line":115,"column":22},"end":{"line":115,"column":30}},"64":{"start":{"line":116,"column":17},"end":{"line":116,"column":28}},"65":{"start":{"line":117,"column":17},"end":{"line":117,"column":34}},"66":{"start":{"line":119,"column":2},"end":{"line":131,"column":3}},"67":{"start":{"line":120,"column":19},"end":{"line":124,"column":6}},"68":{"start":{"line":125,"column":4},"end":{"line":125,"column":24}},"69":{"start":{"line":126,"column":4},"end":{"line":126,"column":24}},"70":{"start":{"line":127,"column":4},"end":{"line":127,"column":33}},"71":{"start":{"line":129,"column":4},"end":{"line":129,"column":31}},"72":{"start":{"line":130,"column":4},"end":{"line":130,"column":41}},"73":{"start":{"line":135,"column":0},"end":{"line":149,"column":3}},"74":{"start":{"line":136,"column":17},"end":{"line":136,"column":27}},"75":{"start":{"line":138,"column":2},"end":{"line":148,"column":3}},"76":{"start":{"line":139,"column":19},"end":{"line":139,"column":44}},"77":{"start":{"line":140,"column":4},"end":{"line":140,"column":24}},"78":{"start":{"line":141,"column":4},"end":{"line":143,"column":5}},"79":{"start":{"line":142,"column":6},"end":{"line":142,"column":63}},"80":{"start":{"line":144,"column":4},"end":{"line":144,"column":21}},"81":{"start":{"line":146,"column":4},"end":{"line":146,"column":31}},"82":{"start":{"line":147,"column":4},"end":{"line":147,"column":41}},"83":{"start":{"line":154,"column":0},"end":{"line":168,"column":3}},"84":{"start":{"line":155,"column":2},"end":{"line":167,"column":3}},"85":{"start":{"line":156,"column":17},"end":{"line":156,"column":51}},"86":{"start":{"line":157,"column":21},"end":{"line":157,"column":36}},"87":{"start":{"line":158,"column":4},"end":{"line":160,"column":5}},"88":{"start":{"line":159,"column":6},"end":{"line":159,"column":61}},"89":{"start":{"line":161,"column":22},"end":{"line":161,"column":68}},"90":{"start":{"line":162,"column":4},"end":{"line":162,"column":35}},"91":{"start":{"line":163,"column":4},"end":{"line":163,"column":23}},"92":{"start":{"line":165,"column":4},"end":{"line":165,"column":31}},"93":{"start":{"line":166,"column":4},"end":{"line":166,"column":41}},"94":{"start":{"line":172,"column":0},"end":{"line":172,"column":24}}},"fnMap":{"0":{"name":"(anonymous_0)","decl":{"start":{"line":11,"column":29},"end":{"line":11,"column":30}},"loc":{"start":{"line":11,"column":49},"end":{"line":24,"column":1}},"line":11},"1":{"name":"(anonymous_1)","decl":{"start":{"line":27,"column":39},"end":{"line":27,"column":40}},"loc":{"start":{"line":27,"column":59},"end":{"line":48,"column":1}},"line":27},"2":{"name":"(anonymous_2)","decl":{"start":{"line":51,"column":27},"end":{"line":51,"column":28}},"loc":{"start":{"line":51,"column":47},"end":{"line":60,"column":1}},"line":51},"3":{"name":"(anonymous_3)","decl":{"start":{"line":63,"column":16},"end":{"line":63,"column":17}},"loc":{"start":{"line":63,"column":36},"end":{"line":71,"column":1}},"line":63},"4":{"name":"(anonymous_4)","decl":{"start":{"line":74,"column":26},"end":{"line":74,"column":27}},"loc":{"start":{"line":74,"column":46},"end":{"line":85,"column":1}},"line":74},"5":{"name":"(anonymous_5)","decl":{"start":{"line":88,"column":19},"end":{"line":88,"column":20}},"loc":{"start":{"line":88,"column":39},"end":{"line":99,"column":1}},"line":88},"6":{"name":"(anonymous_6)","decl":{"start":{"line":103,"column":33},"end":{"line":103,"column":34}},"loc":{"start":{"line":103,"column":53},"end":{"line":111,"column":1}},"line":103},"7":{"name":"(anonymous_7)","decl":{"start":{"line":114,"column":37},"end":{"line":114,"column":38}},"loc":{"start":{"line":114,"column":57},"end":{"line":132,"column":1}},"line":114},"8":{"name":"(anonymous_8)","decl":{"start":{"line":135,"column":26},"end":{"line":135,"column":27}},"loc":{"start":{"line":135,"column":46},"end":{"line":149,"column":1}},"line":135},"9":{"name":"(anonymous_9)","decl":{"start":{"line":154,"column":34},"end":{"line":154,"column":35}},"loc":{"start":{"line":154,"column":54},"end":{"line":168,"column":1}},"line":154}},"branchMap":{"0":{"loc":{"start":{"line":32,"column":6},"end":{"line":34,"column":7}},"type":"if","locations":[{"start":{"line":32,"column":6},"end":{"line":34,"column":7}},{"start":{},"end":{}}],"line":32},"1":{"loc":{"start":{"line":32,"column":10},"end":{"line":32,"column":57}},"type":"binary-expr","locations":[{"start":{"line":32,"column":10},"end":{"line":32,"column":33}},{"start":{"line":32,"column":37},"end":{"line":32,"column":57}}],"line":32},"2":{"loc":{"start":{"line":77,"column":6},"end":{"line":79,"column":7}},"type":"if","locations":[{"start":{"line":77,"column":6},"end":{"line":79,"column":7}},{"start":{},"end":{}}],"line":77},"3":{"loc":{"start":{"line":91,"column":4},"end":{"line":93,"column":5}},"type":"if","locations":[{"start":{"line":91,"column":4},"end":{"line":93,"column":5}},{"start":{},"end":{}}],"line":91},"4":{"loc":{"start":{"line":141,"column":4},"end":{"line":143,"column":5}},"type":"if","locations":[{"start":{"line":141,"column":4},"end":{"line":143,"column":5}},{"start":{},"end":{}}],"line":141},"5":{"loc":{"start":{"line":158,"column":4},"end":{"line":160,"column":5}},"type":"if","locations":[{"start":{"line":158,"column":4},"end":{"line":160,"column":5}},{"start":{},"end":{}}],"line":158}},"s":{"0":1,"1":1,"2":1,"3":1,"4":1,"5":1,"6":1,"7":1,"8":1,"9":1,"10":1,"11":1,"12":1,"13":1,"14":0,"15":0,"16":1,"17":0,"18":0,"19":0,"20":0,"21":0,"22":0,"23":0,"24":0,"25":0,"26":0,"27":1,"28":0,"29":0,"30":0,"31":0,"32":0,"33":0,"34":1,"35":0,"36":0,"37":0,"38":0,"39":0,"40":1,"41":0,"42":0,"43":0,"44":0,"45":0,"46":0,"47":0,"48":1,"49":0,"50":0,"51":0,"52":0,"53":0,"54":0,"55":0,"56":1,"57":0,"58":0,"59":0,"60":0,"61":0,"62":1,"63":0,"64":0,"65":0,"66":0,"67":0,"68":0,"69":0,"70":0,"71":0,"72":0,"73":1,"74":0,"75":0,"76":0,"77":0,"78":0,"79":0,"80":0,"81":0,"82":0,"83":1,"84":0,"85":0,"86":0,"87":0,"88":0,"89":0,"90":0,"91":0,"92":0,"93":0,"94":1},"f":{"0":1,"1":0,"2":0,"3":0,"4":0,"5":0,"6":0,"7":0,"8":0,"9":0},"b":{"0":[0,0],"1":[0,0],"2":[0,0],"3":[0,0],"4":[0,0],"5":[0,0]},"_coverageSchema":"1a1c01bbd47fc00a2c39e90264f33305004495a9","hash":"bf5532cf60a244a4e262967b97744d4e6ebb8b25"}
}
