TN:
SF:index.js
FN:15,(anonymous_0)
FN:17,(anonymous_1)
FN:23,(anonymous_2)
FNF:3
FNH:2
FNDA:1,(anonymous_0)
FNDA:0,(anonymous_1)
FNDA:1,(anonymous_2)
DA:1,1
DA:2,1
DA:3,1
DA:4,1
DA:5,1
DA:6,1
DA:7,1
DA:9,1
DA:11,1
DA:12,1
DA:13,1
DA:15,1
DA:16,1
DA:18,0
DA:19,0
DA:22,1
DA:23,1
DA:25,1
LF:18
LH:16
BRDA:22,0,0,1
BRDA:22,0,1,1
BRF:2
BRH:2
end_of_record
TN:
SF:app\config\config.js
FNF:0
FNH:0
DA:2,1
DA:4,1
LF:2
LH:2
BRF:0
BRH:0
end_of_record
TN:
SF:app\middleware\auth.js
FN:5,(anonymous_0)
FNF:1
FNH:1
FNDA:1,(anonymous_0)
DA:2,1
DA:3,1
DA:5,1
DA:6,1
DA:8,1
DA:9,0
DA:12,1
DA:14,1
DA:15,0
DA:18,1
DA:19,1
DA:20,1
DA:21,1
DA:23,0
LF:14
LH:11
BRDA:8,0,0,0
BRDA:8,0,1,1
BRDA:14,1,0,0
BRDA:14,1,1,1
BRF:4
BRH:2
end_of_record
TN:
SF:app\models\Answer.js
FNF:0
FNH:0
DA:1,1
DA:2,1
DA:4,1
DA:34,1
LF:4
LH:4
BRF:0
BRH:0
end_of_record
TN:
SF:app\models\Join.js
FNF:0
FNH:0
DA:1,1
DA:3,1
DA:34,1
LF:3
LH:3
BRF:0
BRH:0
end_of_record
TN:
SF:app\models\Question.js
FNF:0
FNH:0
DA:2,1
DA:3,1
DA:5,1
DA:16,1
DA:32,1
LF:5
LH:5
BRF:0
BRH:0
end_of_record
TN:
SF:app\models\Quiz.js
FN:35,(anonymous_0)
FNF:1
FNH:1
FNDA:1,(anonymous_0)
DA:1,1
DA:3,1
DA:35,1
DA:36,1
DA:37,1
DA:39,1
DA:42,1
LF:7
LH:7
BRDA:36,0,0,1
BRDA:36,0,1,0
BRF:2
BRH:1
end_of_record
TN:
SF:app\routes\join.js
FN:21,(anonymous_0)
FNF:1
FNH:0
FNDA:0,(anonymous_0)
DA:2,1
DA:3,1
DA:4,1
DA:5,1
DA:6,1
DA:7,1
DA:10,1
DA:22,0
DA:23,0
DA:24,0
DA:27,0
DA:29,0
DA:31,0
DA:37,0
DA:38,0
DA:40,0
DA:41,0
DA:46,1
LF:18
LH:8
BRDA:23,0,0,0
BRDA:23,0,1,0
BRF:2
BRH:0
end_of_record
TN:
SF:app\routes\quiz.js
FN:11,(anonymous_0)
FN:27,(anonymous_1)
FN:51,(anonymous_2)
FN:63,(anonymous_3)
FN:74,(anonymous_4)
FN:88,(anonymous_5)
FN:103,(anonymous_6)
FN:114,(anonymous_7)
FN:135,(anonymous_8)
FN:154,(anonymous_9)
FNF:10
FNH:1
FNDA:1,(anonymous_0)
FNDA:0,(anonymous_1)
FNDA:0,(anonymous_2)
FNDA:0,(anonymous_3)
FNDA:0,(anonymous_4)
FNDA:0,(anonymous_5)
FNDA:0,(anonymous_6)
FNDA:0,(anonymous_7)
FNDA:0,(anonymous_8)
FNDA:0,(anonymous_9)
DA:1,1
DA:2,1
DA:3,1
DA:4,1
DA:5,1
DA:6,1
DA:8,1
DA:11,1
DA:12,1
DA:13,1
DA:15,1
DA:16,1
DA:17,1
DA:19,1
DA:21,0
DA:22,0
DA:27,1
DA:28,0
DA:29,0
DA:30,0
DA:32,0
DA:33,0
DA:36,0
DA:42,0
DA:43,0
DA:45,0
DA:46,0
DA:51,1
DA:52,0
DA:53,0
DA:54,0
DA:55,0
DA:57,0
DA:58,0
DA:63,1
DA:64,0
DA:65,0
DA:66,0
DA:68,0
DA:69,0
DA:74,1
DA:75,0
DA:76,0
DA:77,0
DA:78,0
DA:80,0
DA:82,0
DA:83,0
DA:88,1
DA:89,0
DA:90,0
DA:91,0
DA:92,0
DA:94,0
DA:96,0
DA:97,0
DA:103,1
DA:104,0
DA:105,0
DA:106,0
DA:108,0
DA:109,0
DA:114,1
DA:115,0
DA:116,0
DA:117,0
DA:119,0
DA:120,0
DA:125,0
DA:126,0
DA:127,0
DA:129,0
DA:130,0
DA:135,1
DA:136,0
DA:138,0
DA:139,0
DA:140,0
DA:141,0
DA:142,0
DA:144,0
DA:146,0
DA:147,0
DA:154,1
DA:155,0
DA:156,0
DA:157,0
DA:158,0
DA:159,0
DA:161,0
DA:162,0
DA:163,0
DA:165,0
DA:166,0
DA:172,1
LF:95
LH:24
BRDA:32,0,0,0
BRDA:32,0,1,0
BRDA:32,1,0,0
BRDA:32,1,1,0
BRDA:77,2,0,0
BRDA:77,2,1,0
BRDA:91,3,0,0
BRDA:91,3,1,0
BRDA:141,4,0,0
BRDA:141,4,1,0
BRDA:158,5,0,0
BRDA:158,5,1,0
BRF:12
BRH:0
end_of_record
